[2025-08-06T15:37:53.408Z] WARN: Upload thất bại: không có file nào được gửi lên 
[2025-08-06T15:38:47.481Z] WARN: Upload thất bại: không có file nào được gửi lên 
[2025-08-06T15:39:31.410Z] INFO: Upload thành công 1 file 
[2025-08-06T15:40:08.872Z] INFO: Upload thành công 1 file 
[2025-08-06T15:42:08.654Z] WARN: Upload thất bại: không có file nào được gửi lên 
[2025-08-06T15:42:28.861Z] WARN: Upload thất bại: không có file nào được gửi lên 
[2025-08-07 14:34:02] INFO: Upload thành công 10 file. {"ip":"::1","url":"/upload/multile-files","method":"POST","filenames":["african-savanna.jpg","japanese-temple.jpg","kerala-backwaters.jpg","logo.png","machu-picchu.jpg","majestic-mountains.jpg","parisian-streets.jpg","taj-mahal.jpg","venetian-canals.jpg","victoria-falls.jpg"]}
[2025-08-07 14:37:11] INFO: Upload thành công 10 file. {"ip":"::1","url":"/upload/multile-files","method":"POST","filenames":["african-savanna.jpg","japanese-temple.jpg","kerala-backwaters.jpg","logo.png","machu-picchu.jpg","majestic-mountains.jpg","parisian-streets.jpg","taj-mahal.jpg","venetian-canals.jpg","victoria-falls.jpg"]}
[2025-08-07 14:37:51] INFO: Upload thành công 10 file. {"ip":"::1","url":"/upload/multile-files","method":"POST","filenames":["african-savanna.jpg","japanese-temple.jpg","kerala-backwaters.jpg","logo.png","machu-picchu.jpg","majestic-mountains.jpg","parisian-streets.jpg","taj-mahal.jpg","venetian-canals.jpg","victoria-falls.jpg"]}
[2025-08-07 14:38:21] INFO: Upload thành công 10 file. {"ip":"::1","url":"/upload/multile-files","method":"POST","filenames":["african-savanna.jpg","japanese-temple.jpg","kerala-backwaters.jpg","logo.png","machu-picchu.jpg","majestic-mountains.jpg","parisian-streets.jpg","taj-mahal.jpg","venetian-canals.jpg","victoria-falls.jpg"]}
[2025-08-07 14:40:49] INFO: Upload thành công 10 file. {"ip":"::1","url":"/upload/multile-files","method":"POST","filenames":["african-savanna.jpg","japanese-temple.jpg","kerala-backwaters.jpg","logo.png","machu-picchu.jpg","majestic-mountains.jpg","parisian-streets.jpg","taj-mahal.jpg","venetian-canals.jpg","victoria-falls.jpg"]}
[2025-08-07 14:42:14] ERROR: Lỗi không xác định khi upload file. {"error":"❌ File type không được hỗ trợ!","ip":"::1","url":"/upload/multile-files"}
[2025-08-07 14:46:14] INFO: Upload thành công 1 file. {"ip":"::1","url":"/upload/multile-files","method":"POST","filenames":["ibus-bamboo-0.8.4~RC6-1.fc41.x86_64.rpm"]}
[2025-08-07 14:51:41] INFO: Upload thành công 1 file. {"ip":"::1","url":"/upload/multile-files","method":"POST","filenames":["xss-attack-example.js"]}
[2025-08-07 14:55:53] INFO: Upload thành công 1 file. {"ip":"::1","url":"/upload/multile-files","method":"POST","filenames":["xss-attack-example.js"]}
[2025-08-07 14:58:54] INFO: Upload thành công 1 file. {"ip":"::1","url":"/upload/multile-files","method":"POST","filenames":["xss-attack-example.js"]}
[2025-08-07 15:05:35] INFO: Upload thành công 1 file. {"ip":"::1","url":"/upload/multile-files","method":"POST","filenames":["xss-attack-example.js"]}
[2025-08-07 15:09:29] INFO: Upload thành công 1 file. {"ip":"::1","url":"/upload/multile-files","method":"POST","filenames":["xss-attack-example.js"]}
[2025-08-07 15:11:40] INFO: Upload thành công 1 file. {"ip":"::1","url":"/upload/multile-files","method":"POST","filenames":["xss-attack-example.js"]}
[2025-08-07 15:19:29] INFO: Upload thành công 1 file. {"ip":"::1","url":"/upload/multile-files","method":"POST","filenames":["xss-attack-example.js"]}
[2025-08-07 15:20:53] INFO: Upload thành công 1 file. {"ip":"::1","url":"/upload/multile-files","method":"POST","filenames":["xss-attack-example.js"]}
[2025-08-07 15:22:14] ERROR: Lỗi không xác định khi upload file. {"error":"❌ File type không được hỗ trợ!","ip":"::1","url":"/upload/multile-files"}
[2025-08-07 15:22:45] WARN: Vượt quá số lượng file cho phép. {"ip":"::1","url":"/upload/multile-files","method":"POST","filesReceived":10}
[2025-08-07 15:22:50] INFO: Upload thành công 10 file. {"ip":"::1","url":"/upload/multile-files","method":"POST","filenames":["venetian-canals.jpg","taj-mahal.jpg","ruins.jpg","parisian-streets.jpg","northern-lights.jpg","majestic-mountains.jpg","machu-picchu.jpg","logo.png","japanese-temple.jpg","african-savanna.jpg"]}
